<?xml version="1.0" encoding="UTF-8"?>
<!-- Generated by org.testng.reporters.JUnitReportReporter -->
<testsuite hostname="DESKTOP-5SETBLS" failures="0" tests="1" name="tests.logintest.LoginTests" time="2.622" errors="0" timestamp="2025-01-10T13:06:18 IST" skipped="0">
  <testcase classname="tests.logintest.LoginTests" name="test_LoginUsingValidLoginDetails" time="2.622"/>
</testsuite> <!-- tests.logintest.LoginTests -->
