<?xml version="1.0" encoding="UTF-8"?>
<!-- Generated by org.testng.reporters.JUnitReportReporter -->
<testsuite hostname="DESKTOP-5SETBLS" failures="0" tests="1" name="base.BaseTest" time="4.314" errors="0" timestamp="2025-01-06T17:51:34 IST" skipped="0">
  <testcase classname="base.BaseTest" name="test" time="4.314"/>
</testsuite> <!-- base.BaseTest -->
