<?xml version="1.0" encoding="UTF-8"?>
<!-- Generated by org.testng.reporters.JUnitReportReporter -->
<testsuite hostname="Nirdeep" failures="0" tests="2" name="tests.logintest.LoginTests" time="0.537" errors="0" timestamp="2025-01-08T01:03:03 IST" skipped="0">
  <testcase classname="tests.logintest.LoginTests" name="test_EmailAndPasswordValidation" time="0.410"/>
  <testcase classname="tests.logintest.LoginTests" name="test_EmailValidationMessageText" time="0.127"/>
</testsuite> <!-- tests.logintest.LoginTests -->
