<?xml version="1.0" encoding="UTF-8"?>
<!-- Generated by org.testng.reporters.JUnitReportReporter -->
<testsuite hostname="Nirdeep" failures="0" tests="1" name="tests.logintest.SignUpTest" time="5.653" errors="0" timestamp="2025-01-10T02:24:26 IST" skipped="0">
  <testcase classname="tests.logintest.SignUpTest" name="clickOPtion" time="5.653"/>
</testsuite> <!-- tests.logintest.SignUpTest -->
