<?xml version="1.0" encoding="UTF-8"?>
<!-- Generated by org.testng.reporters.JUnitReportReporter -->
<testsuite hostname="DESKTOP-5SETBLS" failures="0" tests="1" name="tests.logintest.PrintPath" time="0.016" errors="0" timestamp="2025-01-09T12:02:53 IST" skipped="0">
  <testcase classname="tests.logintest.PrintPath" name="printPath" time="0.016"/>
</testsuite> <!-- tests.logintest.PrintPath -->
