<?xml version="1.0" encoding="UTF-8"?>
<!-- Generated by org.testng.reporters.JUnitReportReporter -->
<testsuite hostname="Nirdeep" failures="0" tests="1" name="utils.PropertyUtils" time="0.008" errors="0" timestamp="2025-01-08T00:35:51 IST" skipped="0">
  <testcase classname="utils.PropertyUtils" name="test" time="0.008"/>
</testsuite> <!-- utils.PropertyUtils -->
