<?xml version="1.0" encoding="UTF-8"?>
<!-- Generated by org.testng.reporters.JUnitReportReporter -->
<testsuite hostname="DESKTOP-5SETBLS" failures="0" tests="1" name="base.PropertyDemo" time="1.369" errors="0" timestamp="2025-01-06T18:41:51 IST" skipped="0">
  <testcase classname="base.PropertyDemo" name="printProperty" time="1.369"/>
</testsuite> <!-- base.PropertyDemo -->
