<?xml version="1.0" encoding="UTF-8"?>
<!-- Generated by org.testng.reporters.JUnitReportReporter -->
<testsuite hostname="DESKTOP-5SETBLS" failures="0" tests="3" name="tests.logintest.ForgotPasswordTest" time="0.878" errors="0" timestamp="2025-01-08T16:33:49 IST" skipped="0">
  <testcase classname="tests.logintest.ForgotPasswordTest" name="test_ForgotPasswordDialogDisplayed" time="0.091"/>
  <testcase classname="tests.logintest.ForgotPasswordTest" name="test_emailValidationErrorDisplayed" time="0.455"/>
  <testcase classname="tests.logintest.ForgotPasswordTest" name="test_DialogNotDisplayed" time="0.332"/>
</testsuite> <!-- tests.logintest.ForgotPasswordTest -->
